Error: Lock FcntlFlock of /home/ubuntu/ba_storage/ipfs_repo/repo.lock failed: EAGAIN, Resource temporarily unavailable
    at fs.close (/home/ubuntu/ba_storage/node_modules/lock-me/src/unix.js:20:14)
    at /home/ubuntu/ba_storage/node_modules/graceful-fs/graceful-fs.js:43:10
    at FSReqWrap.oncomplete (fs.js:149:20)
Error: Lock FcntlFlock of /home/ubuntu/ba_storage/ipfs_repo/repo.lock failed: EAGAIN, Resource temporarily unavailable
    at fs.close (/home/ubuntu/ba_storage/node_modules/lock-me/src/unix.js:20:14)
    at /home/ubuntu/ba_storage/node_modules/graceful-fs/graceful-fs.js:43:10
    at FSReqWrap.oncomplete (fs.js:149:20)
Error: Lock FcntlFlock of /home/ubuntu/ba_storage/ipfs_repo/repo.lock failed: EAGAIN, Resource temporarily unavailable
    at fs.close (/home/ubuntu/ba_storage/node_modules/lock-me/src/unix.js:20:14)
    at /home/ubuntu/ba_storage/node_modules/graceful-fs/graceful-fs.js:43:10
    at FSReqWrap.oncomplete (fs.js:149:20)
Error: Lock FcntlFlock of /home/ubuntu/ba_storage/ipfs_repo/repo.lock failed: EAGAIN, Resource temporarily unavailable
    at fs.close (/home/ubuntu/ba_storage/node_modules/lock-me/src/unix.js:20:14)
    at /home/ubuntu/ba_storage/node_modules/graceful-fs/graceful-fs.js:43:10
    at FSReqWrap.oncomplete (fs.js:149:20)
Error: Lock FcntlFlock of /home/ubuntu/ba_storage/ipfs_repo/repo.lock failed: EAGAIN, Resource temporarily unavailable
    at fs.close (/home/ubuntu/ba_storage/node_modules/lock-me/src/unix.js:20:14)
    at /home/ubuntu/ba_storage/node_modules/graceful-fs/graceful-fs.js:43:10
    at FSReqWrap.oncomplete (fs.js:149:20)
Error: Lock FcntlFlock of /home/ubuntu/ba_storage/ipfs_repo/repo.lock failed: EAGAIN, Resource temporarily unavailable
    at fs.close (/home/ubuntu/ba_storage/node_modules/lock-me/src/unix.js:20:14)
    at /home/ubuntu/ba_storage/node_modules/graceful-fs/graceful-fs.js:43:10
    at FSReqWrap.oncomplete (fs.js:149:20)
Error: Lock FcntlFlock of /home/ubuntu/ba_storage/ipfs_repo/repo.lock failed: EAGAIN, Resource temporarily unavailable
    at fs.close (/home/ubuntu/ba_storage/node_modules/lock-me/src/unix.js:20:14)
    at /home/ubuntu/ba_storage/node_modules/graceful-fs/graceful-fs.js:43:10
    at FSReqWrap.oncomplete (fs.js:149:20)
Error: Lock FcntlFlock of /home/ubuntu/ba_storage/ipfs_repo/repo.lock failed: EAGAIN, Resource temporarily unavailable
    at fs.close (/home/ubuntu/ba_storage/node_modules/lock-me/src/unix.js:20:14)
    at /home/ubuntu/ba_storage/node_modules/graceful-fs/graceful-fs.js:43:10
    at FSReqWrap.oncomplete (fs.js:149:20)
Error: Lock FcntlFlock of /home/ubuntu/ba_storage/ipfs_repo/repo.lock failed: EAGAIN, Resource temporarily unavailable
    at fs.close (/home/ubuntu/ba_storage/node_modules/lock-me/src/unix.js:20:14)
    at /home/ubuntu/ba_storage/node_modules/graceful-fs/graceful-fs.js:43:10
    at FSReqWrap.oncomplete (fs.js:149:20)
Error: Lock FcntlFlock of /home/ubuntu/ba_storage/ipfs_repo/repo.lock failed: EAGAIN, Resource temporarily unavailable
    at fs.close (/home/ubuntu/ba_storage/node_modules/lock-me/src/unix.js:20:14)
    at /home/ubuntu/ba_storage/node_modules/graceful-fs/graceful-fs.js:43:10
    at FSReqWrap.oncomplete (fs.js:149:20)
Error: Lock FcntlFlock of /home/ubuntu/ba_storage/ipfs_repo/repo.lock failed: EAGAIN, Resource temporarily unavailable
    at fs.close (/home/ubuntu/ba_storage/node_modules/lock-me/src/unix.js:20:14)
    at /home/ubuntu/ba_storage/node_modules/graceful-fs/graceful-fs.js:43:10
    at FSReqWrap.oncomplete (fs.js:149:20)
Error: Lock FcntlFlock of /home/ubuntu/ba_storage/ipfs_repo/repo.lock failed: EAGAIN, Resource temporarily unavailable
    at fs.close (/home/ubuntu/ba_storage/node_modules/lock-me/src/unix.js:20:14)
    at /home/ubuntu/ba_storage/node_modules/graceful-fs/graceful-fs.js:43:10
    at FSReqWrap.oncomplete (fs.js:149:20)
Error: Lock FcntlFlock of /home/ubuntu/ba_storage/ipfs_repo/repo.lock failed: EAGAIN, Resource temporarily unavailable
    at fs.close (/home/ubuntu/ba_storage/node_modules/lock-me/src/unix.js:20:14)
    at /home/ubuntu/ba_storage/node_modules/graceful-fs/graceful-fs.js:43:10
    at FSReqWrap.oncomplete (fs.js:149:20)
Error: Lock FcntlFlock of /home/ubuntu/ba_storage/ipfs_repo/repo.lock failed: EAGAIN, Resource temporarily unavailable
    at fs.close (/home/ubuntu/ba_storage/node_modules/lock-me/src/unix.js:20:14)
    at /home/ubuntu/ba_storage/node_modules/graceful-fs/graceful-fs.js:43:10
    at FSReqWrap.oncomplete (fs.js:149:20)
Error: Lock FcntlFlock of /home/ubuntu/ba_storage/ipfs_repo/repo.lock failed: EAGAIN, Resource temporarily unavailable
    at fs.close (/home/ubuntu/ba_storage/node_modules/lock-me/src/unix.js:20:14)
    at /home/ubuntu/ba_storage/node_modules/graceful-fs/graceful-fs.js:43:10
    at FSReqWrap.oncomplete (fs.js:149:20)
Error: Lock FcntlFlock of /home/ubuntu/ba_storage/ipfs_repo/repo.lock failed: EAGAIN, Resource temporarily unavailable
    at fs.close (/home/ubuntu/ba_storage/node_modules/lock-me/src/unix.js:20:14)
    at /home/ubuntu/ba_storage/node_modules/graceful-fs/graceful-fs.js:43:10
    at FSReqWrap.oncomplete (fs.js:149:20)
Error: Lock FcntlFlock of /home/ubuntu/ba_storage/ipfs_repo/repo.lock failed: EAGAIN, Resource temporarily unavailable
    at fs.close (/home/ubuntu/ba_storage/node_modules/lock-me/src/unix.js:20:14)
    at /home/ubuntu/ba_storage/node_modules/graceful-fs/graceful-fs.js:43:10
    at FSReqWrap.oncomplete (fs.js:149:20)
Error: Lock FcntlFlock of /home/ubuntu/ba_storage/ipfs_repo/repo.lock failed: EAGAIN, Resource temporarily unavailable
    at fs.close (/home/ubuntu/ba_storage/node_modules/lock-me/src/unix.js:20:14)
    at /home/ubuntu/ba_storage/node_modules/graceful-fs/graceful-fs.js:43:10
    at FSReqWrap.oncomplete (fs.js:149:20)
Error: Lock FcntlFlock of /home/ubuntu/ba_storage/ipfs_repo/repo.lock failed: EAGAIN, Resource temporarily unavailable
    at fs.close (/home/ubuntu/ba_storage/node_modules/lock-me/src/unix.js:20:14)
    at /home/ubuntu/ba_storage/node_modules/graceful-fs/graceful-fs.js:43:10
    at FSReqWrap.oncomplete (fs.js:149:20)
Error: Lock FcntlFlock of /home/ubuntu/ba_storage/ipfs_repo/repo.lock failed: EAGAIN, Resource temporarily unavailable
    at fs.close (/home/ubuntu/ba_storage/node_modules/lock-me/src/unix.js:20:14)
    at /home/ubuntu/ba_storage/node_modules/graceful-fs/graceful-fs.js:43:10
    at FSReqWrap.oncomplete (fs.js:149:20)
Error: Lock FcntlFlock of /home/ubuntu/ba_storage/ipfs_repo/repo.lock failed: EAGAIN, Resource temporarily unavailable
    at fs.close (/home/ubuntu/ba_storage/node_modules/lock-me/src/unix.js:20:14)
    at /home/ubuntu/ba_storage/node_modules/graceful-fs/graceful-fs.js:43:10
    at FSReqWrap.oncomplete (fs.js:149:20)
Error: Lock FcntlFlock of /home/ubuntu/ba_storage/ipfs_repo/repo.lock failed: EAGAIN, Resource temporarily unavailable
    at fs.close (/home/ubuntu/ba_storage/node_modules/lock-me/src/unix.js:20:14)
    at /home/ubuntu/ba_storage/node_modules/graceful-fs/graceful-fs.js:43:10
    at FSReqWrap.oncomplete (fs.js:149:20)
Error: Lock FcntlFlock of /home/ubuntu/ba_storage/ipfs_repo/repo.lock failed: EAGAIN, Resource temporarily unavailable
    at fs.close (/home/ubuntu/ba_storage/node_modules/lock-me/src/unix.js:20:14)
    at /home/ubuntu/ba_storage/node_modules/graceful-fs/graceful-fs.js:43:10
    at FSReqWrap.oncomplete (fs.js:149:20)
Error: Lock FcntlFlock of /home/ubuntu/ba_storage/ipfs_repo/repo.lock failed: EAGAIN, Resource temporarily unavailable
    at fs.close (/home/ubuntu/ba_storage/node_modules/lock-me/src/unix.js:20:14)
    at /home/ubuntu/ba_storage/node_modules/graceful-fs/graceful-fs.js:43:10
    at FSReqWrap.oncomplete (fs.js:149:20)
Error: Lock FcntlFlock of /home/ubuntu/ba_storage/ipfs_repo/repo.lock failed: EAGAIN, Resource temporarily unavailable
    at fs.close (/home/ubuntu/ba_storage/node_modules/lock-me/src/unix.js:20:14)
    at /home/ubuntu/ba_storage/node_modules/graceful-fs/graceful-fs.js:43:10
    at FSReqWrap.oncomplete (fs.js:149:20)
Error: Lock FcntlFlock of /home/ubuntu/ba_storage/ipfs_repo/repo.lock failed: EAGAIN, Resource temporarily unavailable
    at fs.close (/home/ubuntu/ba_storage/node_modules/lock-me/src/unix.js:20:14)
    at /home/ubuntu/ba_storage/node_modules/graceful-fs/graceful-fs.js:43:10
    at FSReqWrap.oncomplete (fs.js:149:20)
Error: Lock FcntlFlock of /home/ubuntu/ba_storage/ipfs_repo/repo.lock failed: EAGAIN, Resource temporarily unavailable
    at fs.close (/home/ubuntu/ba_storage/node_modules/lock-me/src/unix.js:20:14)
    at /home/ubuntu/ba_storage/node_modules/graceful-fs/graceful-fs.js:43:10
    at FSReqWrap.oncomplete (fs.js:149:20)
Error: Lock FcntlFlock of /home/ubuntu/ba_storage/ipfs_repo/repo.lock failed: EAGAIN, Resource temporarily unavailable
    at fs.close (/home/ubuntu/ba_storage/node_modules/lock-me/src/unix.js:20:14)
    at /home/ubuntu/ba_storage/node_modules/graceful-fs/graceful-fs.js:43:10
    at FSReqWrap.oncomplete (fs.js:149:20)
Error: Lock FcntlFlock of /home/ubuntu/ba_storage/ipfs_repo/repo.lock failed: EAGAIN, Resource temporarily unavailable
    at fs.close (/home/ubuntu/ba_storage/node_modules/lock-me/src/unix.js:20:14)
    at /home/ubuntu/ba_storage/node_modules/graceful-fs/graceful-fs.js:43:10
    at FSReqWrap.oncomplete (fs.js:149:20)
Error: Lock FcntlFlock of /home/ubuntu/ba_storage/ipfs_repo/repo.lock failed: EAGAIN, Resource temporarily unavailable
    at fs.close (/home/ubuntu/ba_storage/node_modules/lock-me/src/unix.js:20:14)
    at /home/ubuntu/ba_storage/node_modules/graceful-fs/graceful-fs.js:43:10
    at FSReqWrap.oncomplete (fs.js:149:20)
Error: Lock FcntlFlock of /home/ubuntu/ba_storage/ipfs_repo/repo.lock failed: EAGAIN, Resource temporarily unavailable
    at fs.close (/home/ubuntu/ba_storage/node_modules/lock-me/src/unix.js:20:14)
    at /home/ubuntu/ba_storage/node_modules/graceful-fs/graceful-fs.js:43:10
    at FSReqWrap.oncomplete (fs.js:149:20)
Error: Lock FcntlFlock of /home/ubuntu/ba_storage/ipfs_repo/repo.lock failed: EAGAIN, Resource temporarily unavailable
    at fs.close (/home/ubuntu/ba_storage/node_modules/lock-me/src/unix.js:20:14)
    at /home/ubuntu/ba_storage/node_modules/graceful-fs/graceful-fs.js:43:10
    at FSReqWrap.oncomplete (fs.js:149:20)
Error: Lock FcntlFlock of /home/ubuntu/ba_storage/ipfs_repo/repo.lock failed: EAGAIN, Resource temporarily unavailable
    at fs.close (/home/ubuntu/ba_storage/node_modules/lock-me/src/unix.js:20:14)
    at /home/ubuntu/ba_storage/node_modules/graceful-fs/graceful-fs.js:43:10
    at FSReqWrap.oncomplete (fs.js:149:20)
Error: Lock FcntlFlock of /home/ubuntu/ba_storage/ipfs_repo/repo.lock failed: EAGAIN, Resource temporarily unavailable
    at fs.close (/home/ubuntu/ba_storage/node_modules/lock-me/src/unix.js:20:14)
    at /home/ubuntu/ba_storage/node_modules/graceful-fs/graceful-fs.js:43:10
    at FSReqWrap.oncomplete (fs.js:149:20)
Error: Lock FcntlFlock of /home/ubuntu/ba_storage/ipfs_repo/repo.lock failed: EAGAIN, Resource temporarily unavailable
    at fs.close (/home/ubuntu/ba_storage/node_modules/lock-me/src/unix.js:20:14)
    at /home/ubuntu/ba_storage/node_modules/graceful-fs/graceful-fs.js:43:10
    at FSReqWrap.oncomplete (fs.js:149:20)
Error: Lock FcntlFlock of /home/ubuntu/ba_storage/ipfs_repo/repo.lock failed: EAGAIN, Resource temporarily unavailable
    at fs.close (/home/ubuntu/ba_storage/node_modules/lock-me/src/unix.js:20:14)
    at /home/ubuntu/ba_storage/node_modules/graceful-fs/graceful-fs.js:43:10
    at FSReqWrap.oncomplete (fs.js:149:20)
Error: Lock FcntlFlock of /home/ubuntu/ba_storage/ipfs_repo/repo.lock failed: EAGAIN, Resource temporarily unavailable
    at fs.close (/home/ubuntu/ba_storage/node_modules/lock-me/src/unix.js:20:14)
    at /home/ubuntu/ba_storage/node_modules/graceful-fs/graceful-fs.js:43:10
    at FSReqWrap.oncomplete (fs.js:149:20)
Error: Lock FcntlFlock of /home/ubuntu/ba_storage/ipfs_repo/repo.lock failed: EAGAIN, Resource temporarily unavailable
    at fs.close (/home/ubuntu/ba_storage/node_modules/lock-me/src/unix.js:20:14)
    at /home/ubuntu/ba_storage/node_modules/graceful-fs/graceful-fs.js:43:10
    at FSReqWrap.oncomplete (fs.js:149:20)
Error: Lock FcntlFlock of /home/ubuntu/ba_storage/ipfs_repo/repo.lock failed: EAGAIN, Resource temporarily unavailable
    at fs.close (/home/ubuntu/ba_storage/node_modules/lock-me/src/unix.js:20:14)
    at /home/ubuntu/ba_storage/node_modules/graceful-fs/graceful-fs.js:43:10
    at FSReqWrap.oncomplete (fs.js:149:20)
Error: Lock FcntlFlock of /home/ubuntu/ba_storage/ipfs_repo/repo.lock failed: EAGAIN, Resource temporarily unavailable
    at fs.close (/home/ubuntu/ba_storage/node_modules/lock-me/src/unix.js:20:14)
    at /home/ubuntu/ba_storage/node_modules/graceful-fs/graceful-fs.js:43:10
    at FSReqWrap.oncomplete (fs.js:149:20)
Error: Lock FcntlFlock of /home/ubuntu/ba_storage/ipfs_repo/repo.lock failed: EAGAIN, Resource temporarily unavailable
    at fs.close (/home/ubuntu/ba_storage/node_modules/lock-me/src/unix.js:20:14)
    at /home/ubuntu/ba_storage/node_modules/graceful-fs/graceful-fs.js:43:10
    at FSReqWrap.oncomplete (fs.js:149:20)
Error: Lock FcntlFlock of /home/ubuntu/ba_storage/ipfs_repo/repo.lock failed: EAGAIN, Resource temporarily unavailable
    at fs.close (/home/ubuntu/ba_storage/node_modules/lock-me/src/unix.js:20:14)
    at /home/ubuntu/ba_storage/node_modules/graceful-fs/graceful-fs.js:43:10
    at FSReqWrap.oncomplete (fs.js:149:20)
Error: Lock FcntlFlock of /home/ubuntu/ba_storage/ipfs_repo/repo.lock failed: EAGAIN, Resource temporarily unavailable
    at fs.close (/home/ubuntu/ba_storage/node_modules/lock-me/src/unix.js:20:14)
    at /home/ubuntu/ba_storage/node_modules/graceful-fs/graceful-fs.js:43:10
    at FSReqWrap.oncomplete (fs.js:149:20)
Error: Lock FcntlFlock of /home/ubuntu/ba_storage/ipfs_repo/repo.lock failed: EAGAIN, Resource temporarily unavailable
    at fs.close (/home/ubuntu/ba_storage/node_modules/lock-me/src/unix.js:20:14)
    at /home/ubuntu/ba_storage/node_modules/graceful-fs/graceful-fs.js:43:10
    at FSReqWrap.oncomplete (fs.js:149:20)
Error: Lock FcntlFlock of /home/ubuntu/ba_storage/ipfs_repo/repo.lock failed: EAGAIN, Resource temporarily unavailable
    at fs.close (/home/ubuntu/ba_storage/node_modules/lock-me/src/unix.js:20:14)
    at /home/ubuntu/ba_storage/node_modules/graceful-fs/graceful-fs.js:43:10
    at FSReqWrap.oncomplete (fs.js:149:20)
Error: Lock FcntlFlock of /home/ubuntu/ba_storage/ipfs_repo/repo.lock failed: EAGAIN, Resource temporarily unavailable
    at fs.close (/home/ubuntu/ba_storage/node_modules/lock-me/src/unix.js:20:14)
    at /home/ubuntu/ba_storage/node_modules/graceful-fs/graceful-fs.js:43:10
    at FSReqWrap.oncomplete (fs.js:149:20)
Error: Lock FcntlFlock of /home/ubuntu/ba_storage/ipfs_repo/repo.lock failed: EAGAIN, Resource temporarily unavailable
    at fs.close (/home/ubuntu/ba_storage/node_modules/lock-me/src/unix.js:20:14)
    at /home/ubuntu/ba_storage/node_modules/graceful-fs/graceful-fs.js:43:10
    at FSReqWrap.oncomplete (fs.js:149:20)
Error: Lock FcntlFlock of /home/ubuntu/ba_storage/ipfs_repo/repo.lock failed: EAGAIN, Resource temporarily unavailable
    at fs.close (/home/ubuntu/ba_storage/node_modules/lock-me/src/unix.js:20:14)
    at /home/ubuntu/ba_storage/node_modules/graceful-fs/graceful-fs.js:43:10
    at FSReqWrap.oncomplete (fs.js:149:20)
Error: Lock FcntlFlock of /home/ubuntu/ba_storage/ipfs_repo/repo.lock failed: EAGAIN, Resource temporarily unavailable
    at fs.close (/home/ubuntu/ba_storage/node_modules/lock-me/src/unix.js:20:14)
    at /home/ubuntu/ba_storage/node_modules/graceful-fs/graceful-fs.js:43:10
    at FSReqWrap.oncomplete (fs.js:149:20)
Error: Lock FcntlFlock of /home/ubuntu/ba_storage/ipfs_repo/repo.lock failed: EAGAIN, Resource temporarily unavailable
    at fs.close (/home/ubuntu/ba_storage/node_modules/lock-me/src/unix.js:20:14)
    at /home/ubuntu/ba_storage/node_modules/graceful-fs/graceful-fs.js:43:10
    at FSReqWrap.oncomplete (fs.js:149:20)
Error: Lock FcntlFlock of /home/ubuntu/ba_storage/ipfs_repo/repo.lock failed: EAGAIN, Resource temporarily unavailable
    at fs.close (/home/ubuntu/ba_storage/node_modules/lock-me/src/unix.js:20:14)
    at /home/ubuntu/ba_storage/node_modules/graceful-fs/graceful-fs.js:43:10
    at FSReqWrap.oncomplete (fs.js:149:20)
Error: Lock FcntlFlock of /home/ubuntu/ba_storage/ipfs_repo/repo.lock failed: EAGAIN, Resource temporarily unavailable
    at fs.close (/home/ubuntu/ba_storage/node_modules/lock-me/src/unix.js:20:14)
    at /home/ubuntu/ba_storage/node_modules/graceful-fs/graceful-fs.js:43:10
    at FSReqWrap.oncomplete (fs.js:149:20)
Error: Lock FcntlFlock of /home/ubuntu/ba_storage/ipfs_repo/repo.lock failed: EAGAIN, Resource temporarily unavailable
    at fs.close (/home/ubuntu/ba_storage/node_modules/lock-me/src/unix.js:20:14)
    at /home/ubuntu/ba_storage/node_modules/graceful-fs/graceful-fs.js:43:10
    at FSReqWrap.oncomplete (fs.js:149:20)
Error: Lock FcntlFlock of /home/ubuntu/ba_storage/ipfs_repo/repo.lock failed: EAGAIN, Resource temporarily unavailable
    at fs.close (/home/ubuntu/ba_storage/node_modules/lock-me/src/unix.js:20:14)
    at /home/ubuntu/ba_storage/node_modules/graceful-fs/graceful-fs.js:43:10
    at FSReqWrap.oncomplete (fs.js:149:20)
Error: Lock FcntlFlock of /home/ubuntu/ba_storage/ipfs_repo/repo.lock failed: EAGAIN, Resource temporarily unavailable
    at fs.close (/home/ubuntu/ba_storage/node_modules/lock-me/src/unix.js:20:14)
    at /home/ubuntu/ba_storage/node_modules/graceful-fs/graceful-fs.js:43:10
    at FSReqWrap.oncomplete (fs.js:149:20)
Error: Lock FcntlFlock of /home/ubuntu/ba_storage/ipfs_repo/repo.lock failed: EAGAIN, Resource temporarily unavailable
    at fs.close (/home/ubuntu/ba_storage/node_modules/lock-me/src/unix.js:20:14)
    at /home/ubuntu/ba_storage/node_modules/graceful-fs/graceful-fs.js:43:10
    at FSReqWrap.oncomplete (fs.js:149:20)
Error: Lock FcntlFlock of /home/ubuntu/ba_storage/ipfs_repo/repo.lock failed: EAGAIN, Resource temporarily unavailable
    at fs.close (/home/ubuntu/ba_storage/node_modules/lock-me/src/unix.js:20:14)
    at /home/ubuntu/ba_storage/node_modules/graceful-fs/graceful-fs.js:43:10
    at FSReqWrap.oncomplete (fs.js:149:20)
Error: Lock FcntlFlock of /home/ubuntu/ba_storage/ipfs_repo/repo.lock failed: EAGAIN, Resource temporarily unavailable
    at fs.close (/home/ubuntu/ba_storage/node_modules/lock-me/src/unix.js:20:14)
    at /home/ubuntu/ba_storage/node_modules/graceful-fs/graceful-fs.js:43:10
    at FSReqWrap.oncomplete (fs.js:149:20)
Error: Lock FcntlFlock of /home/ubuntu/ba_storage/ipfs_repo/repo.lock failed: EAGAIN, Resource temporarily unavailable
    at fs.close (/home/ubuntu/ba_storage/node_modules/lock-me/src/unix.js:20:14)
    at /home/ubuntu/ba_storage/node_modules/graceful-fs/graceful-fs.js:43:10
    at FSReqWrap.oncomplete (fs.js:149:20)
Error: Lock FcntlFlock of /home/ubuntu/ba_storage/ipfs_repo/repo.lock failed: EAGAIN, Resource temporarily unavailable
    at fs.close (/home/ubuntu/ba_storage/node_modules/lock-me/src/unix.js:20:14)
    at /home/ubuntu/ba_storage/node_modules/graceful-fs/graceful-fs.js:43:10
    at FSReqWrap.oncomplete (fs.js:149:20)
Error: Lock FcntlFlock of /home/ubuntu/ba_storage/ipfs_repo/repo.lock failed: EAGAIN, Resource temporarily unavailable
    at fs.close (/home/ubuntu/ba_storage/node_modules/lock-me/src/unix.js:20:14)
    at /home/ubuntu/ba_storage/node_modules/graceful-fs/graceful-fs.js:43:10
    at FSReqWrap.oncomplete (fs.js:149:20)
Error: Lock FcntlFlock of /home/ubuntu/ba_storage/ipfs_repo/repo.lock failed: EAGAIN, Resource temporarily unavailable
    at fs.close (/home/ubuntu/ba_storage/node_modules/lock-me/src/unix.js:20:14)
    at /home/ubuntu/ba_storage/node_modules/graceful-fs/graceful-fs.js:43:10
    at FSReqWrap.oncomplete (fs.js:149:20)
Error: Lock FcntlFlock of /home/ubuntu/ba_storage/ipfs_repo/repo.lock failed: EAGAIN, Resource temporarily unavailable
    at fs.close (/home/ubuntu/ba_storage/node_modules/lock-me/src/unix.js:20:14)
    at /home/ubuntu/ba_storage/node_modules/graceful-fs/graceful-fs.js:43:10
    at FSReqWrap.oncomplete (fs.js:149:20)
Error: Lock FcntlFlock of /home/ubuntu/ba_storage/ipfs_repo/repo.lock failed: EAGAIN, Resource temporarily unavailable
    at fs.close (/home/ubuntu/ba_storage/node_modules/lock-me/src/unix.js:20:14)
    at /home/ubuntu/ba_storage/node_modules/graceful-fs/graceful-fs.js:43:10
    at FSReqWrap.oncomplete (fs.js:149:20)
Error: Lock FcntlFlock of /home/ubuntu/ba_storage/ipfs_repo/repo.lock failed: EAGAIN, Resource temporarily unavailable
    at fs.close (/home/ubuntu/ba_storage/node_modules/lock-me/src/unix.js:20:14)
    at /home/ubuntu/ba_storage/node_modules/graceful-fs/graceful-fs.js:43:10
    at FSReqWrap.oncomplete (fs.js:149:20)
Error: Lock FcntlFlock of /home/ubuntu/ba_storage/ipfs_repo/repo.lock failed: EAGAIN, Resource temporarily unavailable
    at fs.close (/home/ubuntu/ba_storage/node_modules/lock-me/src/unix.js:20:14)
    at /home/ubuntu/ba_storage/node_modules/graceful-fs/graceful-fs.js:43:10
    at FSReqWrap.oncomplete (fs.js:149:20)
Swarm listening on /ip4/127.0.0.1/tcp/4003/ws/ipfs/QmdryZ1pwcgFwtX7SUVZQLHb4kDsmAJABxSz4cGEhwe6Us
Swarm listening on /ip4/127.0.0.1/tcp/4002/ipfs/QmdryZ1pwcgFwtX7SUVZQLHb4kDsmAJABxSz4cGEhwe6Us
Swarm listening on /ip4/192.52.3.143/tcp/4002/ipfs/QmdryZ1pwcgFwtX7SUVZQLHb4kDsmAJABxSz4cGEhwe6Us
